#
# There is insufficient memory for the Java Runtime Environment to continue.
# Native memory allocation (malloc) failed to allocate 65552 bytes for Chunk::new
# Possible reasons:
#   The system is out of physical RAM or swap space
#   In 32 bit mode, the process size limit was hit
# Possible solutions:
#   Reduce memory load on the system
#   Increase physical memory or swap space
#   Check if swap backing store is full
#   Use 64 bit Java on a 64 bit OS
#   Decrease Java heap size (-Xmx/-Xms)
#   Decrease number of Java threads
#   Decrease Java thread stack sizes (-Xss)
#   Set larger code cache with -XX:ReservedCodeCacheSize=
# This output file may be truncated or incomplete.
#
#  Out of Memory Error (allocation.cpp:390), pid=532, tid=12720
#
# JRE version: Java(TM) SE Runtime Environment (8.0_25-b18) (build 1.8.0_25-b18)
# Java VM: Java HotSpot(TM) 64-Bit Server VM (25.25-b02 mixed mode windows-amd64 compressed oops)
# Failed to write core dump. Minidumps are not enabled by default on client versions of Windows
#

---------------  T H R E A D  ---------------

Current thread (0x0000000017cbc800):  JavaThread "C2 CompilerThread0" daemon [_thread_in_native, id=12720, stack(0x0000000019230000,0x0000000019330000)]

Stack: [0x0000000019230000,0x0000000019330000]
Native frames: (J=compiled Java code, j=interpreted, Vv=VM code, C=native code)
V  [jvm.dll+0x31667a]
V  [jvm.dll+0x267073]
V  [jvm.dll+0x267cb3]
V  [jvm.dll+0x25f5b5]
V  [jvm.dll+0xbf165]
V  [jvm.dll+0xbf60c]
V  [jvm.dll+0xbf8b4]
V  [jvm.dll+0x4e6020]
V  [jvm.dll+0x44b715]
V  [jvm.dll+0x4e637b]
V  [jvm.dll+0x4537b3]
V  [jvm.dll+0x437372]
V  [jvm.dll+0x98a02]
V  [jvm.dll+0x991f3]
V  [jvm.dll+0x22bde4]
V  [jvm.dll+0x2852fa]
C  [msvcr100.dll+0x21d9f]
C  [msvcr100.dll+0x21e3b]
C  [KERNEL32.DLL+0x8364]
C  [ntdll.dll+0x65e91]


Current CompileTask:
C2:   3250  885   !   4       com.android.dx.rop.code.RegisterSpec::intern (70 bytes)


---------------  P R O C E S S  ---------------

Java Threads: ( => current thread )
  0x0000000017d1a000 JavaThread "Service Thread" daemon [_thread_blocked, id=12388, stack(0x0000000019530000,0x0000000019630000)]
  0x0000000017d13000 JavaThread "C1 CompilerThread2" daemon [_thread_blocked, id=11980, stack(0x0000000019430000,0x0000000019530000)]
  0x0000000017cbf000 JavaThread "C2 CompilerThread1" daemon [_thread_in_native, id=13004, stack(0x0000000019330000,0x0000000019430000)]
=>0x0000000017cbc800 JavaThread "C2 CompilerThread0" daemon [_thread_in_native, id=12720, stack(0x0000000019230000,0x0000000019330000)]
  0x0000000017cbb000 JavaThread "Attach Listener" daemon [_thread_blocked, id=12392, stack(0x0000000019130000,0x0000000019230000)]
  0x0000000017cba000 JavaThread "Signal Dispatcher" daemon [_thread_blocked, id=12664, stack(0x0000000019030000,0x0000000019130000)]
  0x0000000002fb1800 JavaThread "Finalizer" daemon [_thread_blocked, id=12960, stack(0x0000000018f30000,0x0000000019030000)]
  0x0000000002fae000 JavaThread "Reference Handler" daemon [_thread_blocked, id=12640, stack(0x0000000018e30000,0x0000000018f30000)]
  0x000000000309e000 JavaThread "main" [_thread_blocked, id=10096, stack(0x0000000002da0000,0x0000000002ea0000)]

Other Threads:
  0x0000000017c86800 VMThread [stack: 0x0000000018d30000,0x0000000018e30000] [id=12888]
  0x0000000017d1d000 WatcherThread [stack: 0x0000000019630000,0x0000000019730000] [id=12004]

VM state:at safepoint (normal execution)

VM Mutex/Monitor currently owned by a thread:  ([mutex/lock_event])
[0x000000000309d340] Threads_lock - owner thread: 0x0000000017c86800
[0x000000000309d4c0] Heap_lock - owner thread: 0x000000000309e000

Heap:
 PSYoungGen      total 37888K, used 17952K [0x00000000d5580000, 0x00000000d7f80000, 0x0000000100000000)
  eden space 32768K, 54% used [0x00000000d5580000,0x00000000d6708370,0x00000000d7580000)
  from space 5120K, 0% used [0x00000000d7a80000,0x00000000d7a80000,0x00000000d7f80000)
  to   space 5120K, 42% used [0x00000000d7580000,0x00000000d77a4048,0x00000000d7a80000)
 ParOldGen       total 86016K, used 16K [0x0000000080000000, 0x0000000085400000, 0x00000000d5580000)
  object space 86016K, 0% used [0x0000000080000000,0x0000000080004000,0x0000000085400000)
 Metaspace       used 5756K, capacity 6704K, committed 6784K, reserved 1060864K
  class space    used 589K, capacity 616K, committed 640K, reserved 1048576K

Card table byte_map: [0x0000000012460000,0x0000000012870000] byte_map_base: 0x0000000012060000

Marking Bits: (ParMarkBitMap*) 0x000000005ae4d490
 Begin Bits: [0x0000000012f20000, 0x0000000014f20000)
 End Bits:   [0x0000000014f20000, 0x0000000016f20000)

Polling page: 0x00000000015b0000

CodeCache: size=245760Kb used=3740Kb max_used=3740Kb free=242019Kb
 bounds [0x00000000030a0000, 0x0000000003450000, 0x00000000120a0000]
 total_blobs=1186 nmethods=922 adapters=178
 compilation: enabled

Compilation events (10 events):
Event: 3.180 Thread 0x0000000017d13000 nmethod 892 0x0000000003426cd0 code [0x0000000003426e60, 0x00000000034271a8]
Event: 3.180 Thread 0x0000000017d13000  894       3       com.android.dx.rop.code.PlainCstInsn::accept (8 bytes)
Event: 3.180 Thread 0x0000000017d13000 nmethod 894 0x000000000342c690 code [0x000000000342c800, 0x000000000342ca28]
Event: 3.186 Thread 0x0000000017cbf000 nmethod 883 0x000000000342bfd0 code [0x000000000342c120, 0x000000000342c4f8]
Event: 3.186 Thread 0x0000000017cbf000  890       4       com.android.dx.ssa.SsaBasicBlock::forEachInsn (37 bytes)
Event: 3.187 Thread 0x0000000017cbc800 nmethod 882 0x000000000342b8d0 code [0x000000000342ba20, 0x000000000342bd18]
Event: 3.187 Thread 0x0000000017cbc800  885   !   4       com.android.dx.rop.code.RegisterSpec::intern (70 bytes)
Event: 3.191 Thread 0x0000000017d13000  908       1       java.util.BitSet::wordIndex (5 bytes)
Event: 3.191 Thread 0x0000000017d13000 nmethod 908 0x0000000003429e10 code [0x0000000003429f60, 0x000000000342a050]
Event: 3.191 Thread 0x0000000017d13000  896       3       com.android.dx.ssa.SsaMethod::forEachBlockDepthFirst (194 bytes)

GC Heap History (0 events):
No events

Deoptimization events (6 events):
Event: 2.954 Thread 0x000000001987c800 Uncommon trap: reason=class_check action=maybe_recompile pc=0x0000000003407f10 method=com.android.dx.rop.type.Type.equals(Ljava/lang/Object;)Z @ 8
Event: 2.954 Thread 0x000000001987c800 Uncommon trap: reason=class_check action=maybe_recompile pc=0x0000000003407f10 method=com.android.dx.rop.type.Type.equals(Ljava/lang/Object;)Z @ 8
Event: 2.957 Thread 0x000000001987c800 Uncommon trap: reason=class_check action=maybe_recompile pc=0x0000000003430ffc method=com.android.dx.rop.type.Type.equals(Ljava/lang/Object;)Z @ 8
Event: 2.957 Thread 0x000000001987c800 Uncommon trap: reason=class_check action=maybe_recompile pc=0x0000000003430ffc method=com.android.dx.rop.type.Type.equals(Ljava/lang/Object;)Z @ 8
Event: 3.176 Thread 0x000000001987c800 Uncommon trap: reason=class_check action=maybe_recompile pc=0x0000000003407f10 method=com.android.dx.rop.type.Type.equals(Ljava/lang/Object;)Z @ 8
Event: 3.178 Thread 0x00000000198b0000 Uncommon trap: reason=null_check action=make_not_entrant pc=0x00000000033e8ee8 method=com.android.dx.ssa.SsaRenamer.getLocalForNewReg(I)Lcom/android/dx/rop/code/LocalItem; @ 19

Internal exceptions (10 events):
Event: 2.546 Thread 0x000000001987c800 Exception <a 'java/security/PrivilegedActionException'> (0x00000000d605bc58) thrown at [D:\re\workspace\8-2-build-windows-amd64-cygwin\jdk8u25\1677\hotspot\src\share\vm\prims\jvm.cpp, line 1312]
Event: 2.549 Thread 0x000000001987c800 Exception <a 'java/security/PrivilegedActionException'> (0x00000000d614cc68) thrown at [D:\re\workspace\8-2-build-windows-amd64-cygwin\jdk8u25\1677\hotspot\src\share\vm\prims\jvm.cpp, line 1312]
Event: 2.550 Thread 0x000000001987c800 Exception <a 'java/security/PrivilegedActionException'> (0x00000000d6153008) thrown at [D:\re\workspace\8-2-build-windows-amd64-cygwin\jdk8u25\1677\hotspot\src\share\vm\prims\jvm.cpp, line 1312]
Event: 2.551 Thread 0x000000001987c800 Exception <a 'java/security/PrivilegedActionException'> (0x00000000d6157a20) thrown at [D:\re\workspace\8-2-build-windows-amd64-cygwin\jdk8u25\1677\hotspot\src\share\vm\prims\jvm.cpp, line 1312]
Event: 2.565 Thread 0x000000001987c800 Exception <a 'java/security/PrivilegedActionException'> (0x00000000d6191e28) thrown at [D:\re\workspace\8-2-build-windows-amd64-cygwin\jdk8u25\1677\hotspot\src\share\vm\prims\jvm.cpp, line 1312]
Event: 2.589 Thread 0x00000000198a3000 Exception <a 'java/security/PrivilegedActionException'> (0x00000000d6098c48) thrown at [D:\re\workspace\8-2-build-windows-amd64-cygwin\jdk8u25\1677\hotspot\src\share\vm\prims\jvm.cpp, line 1312]
Event: 2.603 Thread 0x00000000198a3000 Exception <a 'java/security/PrivilegedActionException'> (0x00000000d60a7ca8) thrown at [D:\re\workspace\8-2-build-windows-amd64-cygwin\jdk8u25\1677\hotspot\src\share\vm\prims\jvm.cpp, line 1312]
Event: 2.679 Thread 0x00000000198b0000 Exception <a 'java/security/PrivilegedActionException'> (0x00000000d5edc5c8) thrown at [D:\re\workspace\8-2-build-windows-amd64-cygwin\jdk8u25\1677\hotspot\src\share\vm\prims\jvm.cpp, line 1312]
Event: 2.715 Thread 0x000000000309e000 Exception <a 'java/security/PrivilegedActionException'> (0x00000000d5f71fb0) thrown at [D:\re\workspace\8-2-build-windows-amd64-cygwin\jdk8u25\1677\hotspot\src\share\vm\prims\jvm.cpp, line 1312]
Event: 3.178 Thread 0x00000000198b0000 Implicit null exception at 0x00000000033e6975 to 0x00000000033e8ec1

Events (10 events):
Event: 2.957 Executing VM operation: ForceSafepoint
Event: 3.175 Executing VM operation: ForceSafepoint done
Event: 3.175 Thread 0x000000001987c800 Uncommon trap: trap_request=0xffffffde fr.pc=0x0000000003407f10
Event: 3.176 Thread 0x000000001987c800 DEOPT PACKING pc=0x0000000003407f10 sp=0x0000000019c2e8c0
Event: 3.176 Thread 0x000000001987c800 DEOPT UNPACKING pc=0x00000000030e556a sp=0x0000000019c2e7f8 mode 2
Event: 3.178 Thread 0x00000000198b0000 Uncommon trap: trap_request=0xfffffff4 fr.pc=0x00000000033e8ee8
Event: 3.178 Thread 0x00000000198b0000 DEOPT PACKING pc=0x00000000033e8ee8 sp=0x0000000019f2ec10
Event: 3.178 Thread 0x00000000198b0000 DEOPT UNPACKING pc=0x00000000030e556a sp=0x0000000019f2ea58 mode 2
Event: 3.189 Thread 0x00000000198b0000 Thread exited: 0x00000000198b0000
Event: 3.190 Thread 0x00000000198a3000 Thread exited: 0x00000000198a3000


Dynamic libraries:
0x00007ff775b60000 - 0x00007ff775b94000 	C:\Program Files\Java\jdk1.8.0_25\bin\java.exe
0x00007fffa36c0000 - 0x00007fffa3891000 	C:\WINDOWS\SYSTEM32\ntdll.dll
0x00007fffa1b30000 - 0x00007fffa1bdb000 	C:\WINDOWS\System32\KERNEL32.DLL
0x00007fff9fe90000 - 0x00007fffa00ad000 	C:\WINDOWS\System32\KERNELBASE.dll
0x00007fffa14c0000 - 0x00007fffa1562000 	C:\WINDOWS\System32\ADVAPI32.dll
0x00007fffa0e80000 - 0x00007fffa0f1e000 	C:\WINDOWS\System32\msvcrt.dll
0x00007fffa19b0000 - 0x00007fffa1a09000 	C:\WINDOWS\System32\sechost.dll
0x00007fffa1d60000 - 0x00007fffa1e81000 	C:\WINDOWS\System32\RPCRT4.dll
0x00007fffa1350000 - 0x00007fffa14b5000 	C:\WINDOWS\System32\USER32.dll
0x00007fffa0120000 - 0x00007fffa013e000 	C:\WINDOWS\System32\win32u.dll
0x00007fffa1a80000 - 0x00007fffa1ab4000 	C:\WINDOWS\System32\GDI32.dll
0x00007fffa0140000 - 0x00007fffa02c2000 	C:\WINDOWS\System32\gdi32full.dll
0x00007fff95790000 - 0x00007fff95a0a000 	C:\WINDOWS\WinSxS\amd64_microsoft.windows.common-controls_6595b64144ccf1df_6.0.14393.351_none_4213128bc687e6d3\COMCTL32.dll
0x00007fffa1570000 - 0x00007fffa1837000 	C:\WINDOWS\System32\combase.dll
0x00007fffa03d0000 - 0x00007fffa04c5000 	C:\WINDOWS\System32\ucrtbase.dll
0x00007fffa00b0000 - 0x00007fffa011a000 	C:\WINDOWS\System32\bcryptPrimitives.dll
0x00007fffa0e50000 - 0x00007fffa0e7e000 	C:\WINDOWS\System32\IMM32.DLL
0x000000005aed0000 - 0x000000005afa2000 	C:\Program Files\Java\jdk1.8.0_25\jre\bin\msvcr100.dll
0x000000005a670000 - 0x000000005aeca000 	C:\Program Files\Java\jdk1.8.0_25\jre\bin\server\jvm.dll
0x00007fffa1840000 - 0x00007fffa1848000 	C:\WINDOWS\System32\PSAPI.DLL
0x00007fff91bd0000 - 0x00007fff91bd9000 	C:\WINDOWS\SYSTEM32\WSOCK32.dll
0x00007fffa1a10000 - 0x00007fffa1a7a000 	C:\WINDOWS\System32\WS2_32.dll
0x00007fff9dfb0000 - 0x00007fff9dfd3000 	C:\WINDOWS\SYSTEM32\WINMM.dll
0x00007fff9df80000 - 0x00007fff9dfab000 	C:\WINDOWS\SYSTEM32\WINMMBASE.dll
0x00007fffa0380000 - 0x00007fffa03c2000 	C:\WINDOWS\System32\cfgmgr32.dll
0x000000005a660000 - 0x000000005a66f000 	C:\Program Files\Java\jdk1.8.0_25\jre\bin\verify.dll
0x000000005a630000 - 0x000000005a658000 	C:\Program Files\Java\jdk1.8.0_25\jre\bin\java.dll
0x000000005a610000 - 0x000000005a626000 	C:\Program Files\Java\jdk1.8.0_25\jre\bin\zip.dll
0x00007fffa2070000 - 0x00007fffa3579000 	C:\WINDOWS\System32\SHELL32.dll
0x00007fffa0570000 - 0x00007fffa0c4a000 	C:\WINDOWS\System32\windows.storage.dll
0x00007fff9fb60000 - 0x00007fff9fbac000 	C:\WINDOWS\System32\powrprof.dll
0x00007fffa3640000 - 0x00007fffa3692000 	C:\WINDOWS\System32\shlwapi.dll
0x00007fff9fb50000 - 0x00007fff9fb5f000 	C:\WINDOWS\System32\kernel.appcore.dll
0x00007fffa02d0000 - 0x00007fffa0379000 	C:\WINDOWS\System32\shcore.dll
0x00007fff9fb30000 - 0x00007fff9fb44000 	C:\WINDOWS\System32\profapi.dll
0x00007fff915c0000 - 0x00007fff91752000 	C:\WINDOWS\SYSTEM32\dbghelp.dll

VM Arguments:
jvm_args: -Djava.awt.headless=true -Xmx2g -Dfile.encoding=windows-1252 -Duser.country=US -Duser.language=en -Duser.variant 
java_command: com.android.dx.command.Main --dex --force-jumbo --num-threads=4 --output H:\Android\Workspace\Fad-Flicks\app\build\intermediates\pre-dexed\debug\leakcanary-watcher-1.5_e6db779c9647c3295df1187d49829a9eae115845.jar C:\Users\Gurupad Mamadapur\.gradle\wrapper\dists\caches\modules-2\files-2.1\com.squareup.leakcanary\leakcanary-watcher\1.5\288101b16513158c2923ad3fb6161d1452b65e73\leakcanary-watcher-1.5.jar
java_class_path (initial): C:\Users\Gurupad Mamadapur\AppData\Local\Android\sdk\build-tools\24.0.3\lib\dx.jar
Launcher Type: SUN_STANDARD

Environment Variables:
JAVA_HOME=C:\Program Files\Java\jdk1.8.0_25
PATH=C:\ProgramData\Oracle\Java\javapath;C:\WINDOWS\system32;C:\WINDOWS;C:\WINDOWS\System32\Wbem;C:\WINDOWS\System32\WindowsPowerShell\v1.0\;C:\Program Files (x86)\Common Files\lenovo\easyplussdk\bin;C:\Program Files (x86)\AMD\ATI.ACE\Core-Static;C:\Program Files\MATLAB\MATLAB Production Server\R2015a\runtime\win64;C:\Program Files\MATLAB\MATLAB Production Server\R2015a\bin;C:\Program Files\MATLAB\MATLAB Production Server\R2015a\polyspace\bin;C:\Program Files (x86)\Windows Kits\8.1\Windows Performance Toolkit\;C:\Program Files\Microsoft SQL Server\110\Tools\Binn\;C:\Program Files (x86)\ATI Technologies\ATI.ACE\Core-Static;C:\Program Files (x86)\MySQL\MySQL Fabric 1.5 & MySQL Utilities 1.5\;C:\Program Files (x86)\MySQL\MySQL Fabric 1.5 & MySQL Utilities 1.5\Doctrine extensions for PHP\;C:\Program Files\Java\jdk1.8.0_25\bin;C:\Program Files\Maven\apache-maven-3.3.9\bin;C:\Program Files (x86)\Windows Live\Shared;C:\Program Files\Git\cmd;C:\Program Files\Git\bin;C:\Program Files (x86)\GitExtensions\;C:\Program Files (x86)\Brackets\command;C:\Users\Gurupad Mamadapur\AppData\Local\Programs\Python\Python35-32\Scripts\;C:\Users\Gurupad Mamadapur\AppData\Local\Programs\Python\Python35-32\;C:\Users\Gurupad Mamadapur\AppData\Local\Microsoft\WindowsApps
USERNAME=Gurupad Mamadapur
OS=Windows_NT
PROCESSOR_IDENTIFIER=Intel64 Family 6 Model 60 Stepping 3, GenuineIntel



---------------  S Y S T E M  ---------------

OS: Windows 8.1 , 64 bit Build 9600 

CPU:total 4 (4 cores per cpu, 1 threads per core) family 6 model 60 stepping 3, cmov, cx8, fxsr, mmx, sse, sse2, sse3, ssse3, sse4.1, sse4.2, popcnt, avx, avx2, aes, clmul, erms, lzcnt, tsc, tscinvbit, bmi1, bmi2

Memory: 4k page, physical 8237228k(1150072k free), swap 10183852k(3356k free)

vm_info: Java HotSpot(TM) 64-Bit Server VM (25.25-b02) for windows-amd64 JRE (1.8.0_25-b18), built on Oct  7 2014 14:25:37 by "java_re" with MS VC++ 10.0 (VS2010)

time: Fri Nov 04 03:19:44 2016
elapsed time: 3 seconds (0d 0h 0m 3s)

