#
# There is insufficient memory for the Java Runtime Environment to continue.
# Native memory allocation (malloc) failed to allocate 443200 bytes for Chunk::new
# Possible reasons:
#   The system is out of physical RAM or swap space
#   In 32 bit mode, the process size limit was hit
# Possible solutions:
#   Reduce memory load on the system
#   Increase physical memory or swap space
#   Check if swap backing store is full
#   Use 64 bit Java on a 64 bit OS
#   Decrease Java heap size (-Xmx/-Xms)
#   Decrease number of Java threads
#   Decrease Java thread stack sizes (-Xss)
#   Set larger code cache with -XX:ReservedCodeCacheSize=
# This output file may be truncated or incomplete.
#
#  Out of Memory Error (allocation.cpp:390), pid=2608, tid=12420
#
# JRE version: Java(TM) SE Runtime Environment (8.0_25-b18) (build 1.8.0_25-b18)
# Java VM: Java HotSpot(TM) 64-Bit Server VM (25.25-b02 mixed mode windows-amd64 compressed oops)
# Failed to write core dump. Minidumps are not enabled by default on client versions of Windows
#

---------------  T H R E A D  ---------------

Current thread (0x000000001775f800):  JavaThread "C2 CompilerThread1" daemon [_thread_in_native, id=12420, stack(0x0000000018db0000,0x0000000018eb0000)]

Stack: [0x0000000018db0000,0x0000000018eb0000]
Native frames: (J=compiled Java code, j=interpreted, Vv=VM code, C=native code)
V  [jvm.dll+0x31667a]


Current CompileTask:
C2:   3219 1287   !   4       com.android.dx.cf.code.RopperMachine::run (1550 bytes)


---------------  P R O C E S S  ---------------

Java Threads: ( => current thread )
  0x0000000019201000 JavaThread "pool-1-thread-4" [_thread_in_vm, id=11768, stack(0x00000000199b0000,0x0000000019ab0000)]
  0x00000000191fb800 JavaThread "pool-1-thread-3" [_thread_in_Java, id=12940, stack(0x00000000198b0000,0x00000000199b0000)]
  0x00000000191f6000 JavaThread "pool-1-thread-2" [_thread_blocked, id=12700, stack(0x00000000197b0000,0x00000000198b0000)]
  0x0000000019100800 JavaThread "pool-2-thread-1" [_thread_blocked, id=11944, stack(0x00000000196b0000,0x00000000197b0000)]
  0x00000000190fb800 JavaThread "pool-1-thread-1" [_thread_blocked, id=12684, stack(0x00000000195b0000,0x00000000196b0000)]
  0x0000000018fb4800 JavaThread "Service Thread" daemon [_thread_blocked, id=12376, stack(0x00000000193b0000,0x00000000194b0000)]
  0x00000000177b0800 JavaThread "C1 CompilerThread2" daemon [_thread_in_vm, id=11604, stack(0x0000000018eb0000,0x0000000018fb0000)]
=>0x000000001775f800 JavaThread "C2 CompilerThread1" daemon [_thread_in_native, id=12420, stack(0x0000000018db0000,0x0000000018eb0000)]
  0x000000001775c800 JavaThread "C2 CompilerThread0" daemon [_thread_in_native, id=13020, stack(0x0000000018cb0000,0x0000000018db0000)]
  0x000000001775b000 JavaThread "Attach Listener" daemon [_thread_blocked, id=13084, stack(0x0000000018bb0000,0x0000000018cb0000)]
  0x000000001775a000 JavaThread "Signal Dispatcher" daemon [_thread_blocked, id=13184, stack(0x0000000018ab0000,0x0000000018bb0000)]
  0x0000000002b2f800 JavaThread "Finalizer" daemon [_thread_blocked, id=12292, stack(0x00000000189b0000,0x0000000018ab0000)]
  0x0000000002b2c800 JavaThread "Reference Handler" daemon [_thread_blocked, id=12716, stack(0x00000000188b0000,0x00000000189b0000)]
  0x000000000293e000 JavaThread "main" [_thread_in_Java, id=1264, stack(0x0000000002940000,0x0000000002a40000)]

Other Threads:
  0x0000000017727800 VMThread [stack: 0x00000000187b0000,0x00000000188b0000] [id=11620]
  0x0000000018fb7000 WatcherThread [stack: 0x00000000194b0000,0x00000000195b0000] [id=8488]

VM state:not at safepoint (normal execution)

VM Mutex/Monitor currently owned by a thread: None

Heap:
 PSYoungGen      total 37888K, used 29197K [0x00000000d5580000, 0x00000000d9f80000, 0x0000000100000000)
  eden space 32768K, 73% used [0x00000000d5580000,0x00000000d6d06790,0x00000000d7580000)
  from space 5120K, 99% used [0x00000000d7580000,0x00000000d7a7cfe8,0x00000000d7a80000)
  to   space 5120K, 0% used [0x00000000d9a80000,0x00000000d9a80000,0x00000000d9f80000)
 ParOldGen       total 86016K, used 1718K [0x0000000080000000, 0x0000000085400000, 0x00000000d5580000)
  object space 86016K, 1% used [0x0000000080000000,0x00000000801adb60,0x0000000085400000)
 Metaspace       used 5929K, capacity 6960K, committed 7040K, reserved 1056768K
  class space    used 585K, capacity 616K, committed 640K, reserved 1048576K

Card table byte_map: [0x0000000011f00000,0x0000000012310000] byte_map_base: 0x0000000011b00000

Marking Bits: (ParMarkBitMap*) 0x000000005ae4d490
 Begin Bits: [0x00000000129c0000, 0x00000000149c0000)
 End Bits:   [0x00000000149c0000, 0x00000000169c0000)

Polling page: 0x0000000000e10000

CodeCache: size=245760Kb used=5669Kb max_used=5678Kb free=240090Kb
 bounds [0x0000000002b40000, 0x00000000030e0000, 0x0000000011b40000]
 total_blobs=1681 nmethods=1417 adapters=178
 compilation: enabled

Compilation events (10 events):
Event: 3.115 Thread 0x00000000177b0800 1419       3       com.android.dx.ssa.back.SsaToRop::verifyValidExitPredecessor (53 bytes)
Event: 3.116 Thread 0x00000000177b0800 nmethod 1419 0x00000000030c6e50 code [0x00000000030c7020, 0x00000000030c7818]
Event: 3.119 Thread 0x00000000177b0800 1420       3       com.android.dx.rop.cst.CstType::equals (29 bytes)
Event: 3.119 Thread 0x00000000177b0800 nmethod 1420 0x00000000030b3550 code [0x00000000030b36c0, 0x00000000030b3ab0]
Event: 3.204 Thread 0x00000000177b0800 1422       2       com.android.dx.ssa.back.LivenessAnalyzer::run (231 bytes)
Event: 3.207 Thread 0x00000000177b0800 nmethod 1422 0x00000000030c59d0 code [0x00000000030c5c60, 0x00000000030c6508]
Event: 3.207 Thread 0x00000000177b0800 1423       2       com.android.dx.ssa.SCCP::simulateStmt (481 bytes)
Event: 3.209 Thread 0x00000000177b0800 nmethod 1423 0x00000000030ca7d0 code [0x00000000030caa40, 0x00000000030cb2d8]
Event: 3.209 Thread 0x000000001775c800 nmethod 1417% 0x00000000030cf690 code [0x00000000030cf840, 0x00000000030d0218]
Event: 3.209 Thread 0x000000001775c800 1421       4       com.android.dx.ssa.NormalSsaInsn::accept (25 bytes)

GC Heap History (2 events):
Event: 2.514 GC heap before
{Heap before GC invocations=1 (full 0):
 PSYoungGen      total 37888K, used 32768K [0x00000000d5580000, 0x00000000d7f80000, 0x0000000100000000)
  eden space 32768K, 100% used [0x00000000d5580000,0x00000000d7580000,0x00000000d7580000)
  from space 5120K, 0% used [0x00000000d7a80000,0x00000000d7a80000,0x00000000d7f80000)
  to   space 5120K, 0% used [0x00000000d7580000,0x00000000d7580000,0x00000000d7a80000)
 ParOldGen       total 86016K, used 0K [0x0000000080000000, 0x0000000085400000, 0x00000000d5580000)
  object space 86016K, 0% used [0x0000000080000000,0x0000000080000000,0x0000000085400000)
 Metaspace       used 5761K, capacity 6832K, committed 7040K, reserved 1056768K
  class space    used 578K, capacity 616K, committed 640K, reserved 1048576K
Event: 2.549 GC heap after
Heap after GC invocations=1 (full 0):
 PSYoungGen      total 37888K, used 5107K [0x00000000d5580000, 0x00000000d9f80000, 0x0000000100000000)
  eden space 32768K, 0% used [0x00000000d5580000,0x00000000d5580000,0x00000000d7580000)
  from space 5120K, 99% used [0x00000000d7580000,0x00000000d7a7cfe8,0x00000000d7a80000)
  to   space 5120K, 0% used [0x00000000d9a80000,0x00000000d9a80000,0x00000000d9f80000)
 ParOldGen       total 86016K, used 1718K [0x0000000080000000, 0x0000000085400000, 0x00000000d5580000)
  object space 86016K, 1% used [0x0000000080000000,0x00000000801adb60,0x0000000085400000)
 Metaspace       used 5761K, capacity 6832K, committed 7040K, reserved 1056768K
  class space    used 578K, capacity 616K, committed 640K, reserved 1048576K
}

Deoptimization events (10 events):
Event: 1.641 Thread 0x0000000019201000 Uncommon trap: reason=unreached action=reinterpret pc=0x0000000002d4d19c method=com.android.dx.rop.cst.Constant.compareTo(Lcom/android/dx/rop/cst/Constant;)I @ 12
Event: 3.047 Thread 0x00000000191fb800 Uncommon trap: reason=unreached action=reinterpret pc=0x0000000002e861e0 method=com.android.dx.rop.code.RegisterSpec.equals(ILcom/android/dx/rop/type/TypeBearer;Lcom/android/dx/rop/code/LocalItem;)Z @ 24
Event: 3.050 Thread 0x00000000191fb800 Uncommon trap: reason=unreached action=reinterpret pc=0x0000000003033e88 method=com.android.dx.cf.code.ValueAwareMachine.run(Lcom/android/dx/cf/code/Frame;II)V @ 943
Event: 3.051 Thread 0x00000000191fb800 Uncommon trap: reason=unloaded action=reinterpret pc=0x0000000002e22fdc method=com.android.dx.ssa.SsaRenamer$BlockRenamer.visitMoveInsn(Lcom/android/dx/ssa/NormalSsaInsn;)V @ 208
Event: 3.055 Thread 0x00000000191fb800 Uncommon trap: reason=unreached action=reinterpret pc=0x0000000002e1d4f0 method=com.android.dx.rop.code.RegisterSpec.equals(ILcom/android/dx/rop/type/TypeBearer;Lcom/android/dx/rop/code/LocalItem;)Z @ 24
Event: 3.066 Thread 0x00000000191fb800 Uncommon trap: reason=unreached action=reinterpret pc=0x000000000303c000 method=com.android.dx.ssa.LocalVariableExtractor.processBlock(I)V @ 194
Event: 3.209 Thread 0x00000000190fb800 Uncommon trap: reason=class_check action=maybe_recompile pc=0x0000000002e894e4 method=com.android.dx.rop.type.Type.equals(Ljava/lang/Object;)Z @ 8
Event: 3.209 Thread 0x00000000190fb800 Uncommon trap: reason=class_check action=maybe_recompile pc=0x0000000002e894e4 method=com.android.dx.rop.type.Type.equals(Ljava/lang/Object;)Z @ 8
Event: 3.209 Thread 0x00000000190fb800 Uncommon trap: reason=class_check action=maybe_recompile pc=0x0000000002e894e4 method=com.android.dx.rop.type.Type.equals(Ljava/lang/Object;)Z @ 8
Event: 3.210 Thread 0x00000000190fb800 Uncommon trap: reason=class_check action=maybe_recompile pc=0x0000000002e894e4 method=com.android.dx.rop.type.Type.equals(Ljava/lang/Object;)Z @ 8

Internal exceptions (10 events):
Event: 1.642 Thread 0x0000000019201000 Exception <a 'java/security/PrivilegedActionException'> (0x00000000d63b53d8) thrown at [D:\re\workspace\8-2-build-windows-amd64-cygwin\jdk8u25\1677\hotspot\src\share\vm\prims\jvm.cpp, line 1312]
Event: 3.035 Thread 0x000000000293e000 Exception <a 'java/security/PrivilegedActionException'> (0x00000000d65b5db0) thrown at [D:\re\workspace\8-2-build-windows-amd64-cygwin\jdk8u25\1677\hotspot\src\share\vm\prims\jvm.cpp, line 1312]
Event: 3.043 Thread 0x000000000293e000 Exception <a 'java/security/PrivilegedActionException'> (0x00000000d65c0200) thrown at [D:\re\workspace\8-2-build-windows-amd64-cygwin\jdk8u25\1677\hotspot\src\share\vm\prims\jvm.cpp, line 1312]
Event: 3.043 Thread 0x000000000293e000 Exception <a 'java/security/PrivilegedActionException'> (0x00000000d65c2a70) thrown at [D:\re\workspace\8-2-build-windows-amd64-cygwin\jdk8u25\1677\hotspot\src\share\vm\prims\jvm.cpp, line 1312]
Event: 3.045 Thread 0x00000000191fb800 Exception <a 'java/security/PrivilegedActionException'> (0x00000000d6377d78) thrown at [D:\re\workspace\8-2-build-windows-amd64-cygwin\jdk8u25\1677\hotspot\src\share\vm\prims\jvm.cpp, line 1312]
Event: 3.065 Thread 0x00000000191fb800 Exception <a 'java/security/PrivilegedActionException'> (0x00000000d68c9620) thrown at [D:\re\workspace\8-2-build-windows-amd64-cygwin\jdk8u25\1677\hotspot\src\share\vm\prims\jvm.cpp, line 1312]
Event: 3.085 Thread 0x000000000293e000 Exception <a 'java/security/PrivilegedActionException'> (0x00000000d65d7440) thrown at [D:\re\workspace\8-2-build-windows-amd64-cygwin\jdk8u25\1677\hotspot\src\share\vm\prims\jvm.cpp, line 1312]
Event: 3.086 Thread 0x000000000293e000 Exception <a 'java/security/PrivilegedActionException'> (0x00000000d65da348) thrown at [D:\re\workspace\8-2-build-windows-amd64-cygwin\jdk8u25\1677\hotspot\src\share\vm\prims\jvm.cpp, line 1312]
Event: 3.090 Thread 0x000000000293e000 Exception <a 'java/security/PrivilegedActionException'> (0x00000000d65e9658) thrown at [D:\re\workspace\8-2-build-windows-amd64-cygwin\jdk8u25\1677\hotspot\src\share\vm\prims\jvm.cpp, line 1312]
Event: 3.118 Thread 0x000000000293e000 Exception <a 'java/security/PrivilegedActionException'> (0x00000000d660a4d0) thrown at [D:\re\workspace\8-2-build-windows-amd64-cygwin\jdk8u25\1677\hotspot\src\share\vm\prims\jvm.cpp, line 1312]

Events (10 events):
Event: 3.209 Thread 0x00000000190fb800 DEOPT UNPACKING pc=0x0000000002b8556a sp=0x00000000196ae848 mode 2
Event: 3.209 Thread 0x00000000190fb800 Uncommon trap: trap_request=0xffffffde fr.pc=0x0000000002e894e4
Event: 3.209 Thread 0x00000000190fb800 DEOPT PACKING pc=0x0000000002e894e4 sp=0x00000000196ae820
Event: 3.209 Thread 0x00000000190fb800 DEOPT UNPACKING pc=0x0000000002b8556a sp=0x00000000196ae7b8 mode 2
Event: 3.209 Thread 0x00000000190fb800 Uncommon trap: trap_request=0xffffffde fr.pc=0x0000000002e894e4
Event: 3.209 Thread 0x00000000190fb800 DEOPT PACKING pc=0x0000000002e894e4 sp=0x00000000196ae830
Event: 3.210 Thread 0x00000000190fb800 DEOPT UNPACKING pc=0x0000000002b8556a sp=0x00000000196ae7c8 mode 2
Event: 3.210 Thread 0x00000000190fb800 Uncommon trap: trap_request=0xffffffde fr.pc=0x0000000002e894e4
Event: 3.210 Thread 0x00000000190fb800 DEOPT PACKING pc=0x0000000002e894e4 sp=0x00000000196ae7a0
Event: 3.210 Thread 0x00000000190fb800 DEOPT UNPACKING pc=0x0000000002b8556a sp=0x00000000196ae738 mode 2


Dynamic libraries:
0x00007ff775b60000 - 0x00007ff775b94000 	C:\Program Files\Java\jdk1.8.0_25\bin\java.exe
0x00007fffa36c0000 - 0x00007fffa3891000 	C:\WINDOWS\SYSTEM32\ntdll.dll
0x00007fffa1b30000 - 0x00007fffa1bdb000 	C:\WINDOWS\System32\KERNEL32.DLL
0x00007fff9fe90000 - 0x00007fffa00ad000 	C:\WINDOWS\System32\KERNELBASE.dll
0x00007fffa14c0000 - 0x00007fffa1562000 	C:\WINDOWS\System32\ADVAPI32.dll
0x00007fffa0e80000 - 0x00007fffa0f1e000 	C:\WINDOWS\System32\msvcrt.dll
0x00007fffa19b0000 - 0x00007fffa1a09000 	C:\WINDOWS\System32\sechost.dll
0x00007fffa1d60000 - 0x00007fffa1e81000 	C:\WINDOWS\System32\RPCRT4.dll
0x00007fffa1350000 - 0x00007fffa14b5000 	C:\WINDOWS\System32\USER32.dll
0x00007fffa0120000 - 0x00007fffa013e000 	C:\WINDOWS\System32\win32u.dll
0x00007fffa1a80000 - 0x00007fffa1ab4000 	C:\WINDOWS\System32\GDI32.dll
0x00007fffa0140000 - 0x00007fffa02c2000 	C:\WINDOWS\System32\gdi32full.dll
0x00007fff95790000 - 0x00007fff95a0a000 	C:\WINDOWS\WinSxS\amd64_microsoft.windows.common-controls_6595b64144ccf1df_6.0.14393.351_none_4213128bc687e6d3\COMCTL32.dll
0x00007fffa1570000 - 0x00007fffa1837000 	C:\WINDOWS\System32\combase.dll
0x00007fffa03d0000 - 0x00007fffa04c5000 	C:\WINDOWS\System32\ucrtbase.dll
0x00007fffa00b0000 - 0x00007fffa011a000 	C:\WINDOWS\System32\bcryptPrimitives.dll
0x00007fffa0e50000 - 0x00007fffa0e7e000 	C:\WINDOWS\System32\IMM32.DLL
0x000000005aed0000 - 0x000000005afa2000 	C:\Program Files\Java\jdk1.8.0_25\jre\bin\msvcr100.dll
0x000000005a670000 - 0x000000005aeca000 	C:\Program Files\Java\jdk1.8.0_25\jre\bin\server\jvm.dll
0x00007fffa1840000 - 0x00007fffa1848000 	C:\WINDOWS\System32\PSAPI.DLL
0x00007fff91bd0000 - 0x00007fff91bd9000 	C:\WINDOWS\SYSTEM32\WSOCK32.dll
0x00007fffa1a10000 - 0x00007fffa1a7a000 	C:\WINDOWS\System32\WS2_32.dll
0x00007fff9dfb0000 - 0x00007fff9dfd3000 	C:\WINDOWS\SYSTEM32\WINMM.dll
0x00007fff9df80000 - 0x00007fff9dfab000 	C:\WINDOWS\SYSTEM32\WINMMBASE.dll
0x00007fffa0380000 - 0x00007fffa03c2000 	C:\WINDOWS\System32\cfgmgr32.dll
0x000000005a660000 - 0x000000005a66f000 	C:\Program Files\Java\jdk1.8.0_25\jre\bin\verify.dll
0x000000005a630000 - 0x000000005a658000 	C:\Program Files\Java\jdk1.8.0_25\jre\bin\java.dll
0x000000005a610000 - 0x000000005a626000 	C:\Program Files\Java\jdk1.8.0_25\jre\bin\zip.dll
0x00007fffa2070000 - 0x00007fffa3579000 	C:\WINDOWS\System32\SHELL32.dll
0x00007fffa0570000 - 0x00007fffa0c4a000 	C:\WINDOWS\System32\windows.storage.dll
0x00007fff9fb60000 - 0x00007fff9fbac000 	C:\WINDOWS\System32\powrprof.dll
0x00007fffa3640000 - 0x00007fffa3692000 	C:\WINDOWS\System32\shlwapi.dll
0x00007fff9fb50000 - 0x00007fff9fb5f000 	C:\WINDOWS\System32\kernel.appcore.dll
0x00007fffa02d0000 - 0x00007fffa0379000 	C:\WINDOWS\System32\shcore.dll
0x00007fff9fb30000 - 0x00007fff9fb44000 	C:\WINDOWS\System32\profapi.dll

VM Arguments:
jvm_args: -Djava.awt.headless=true -Xmx2g -Dfile.encoding=windows-1252 -Duser.country=US -Duser.language=en -Duser.variant 
java_command: com.android.dx.command.Main --dex --force-jumbo --num-threads=4 --output H:\Android\Workspace\Fad-Flicks\app\build\intermediates\pre-dexed\debug\main_d9273261cbd00f4c64c858cab0299063e675936f.jar H:\Android\Workspace\Fad-Flicks\app\build\intermediates\transforms\instantRun\debug\folders\1\5\main
java_class_path (initial): C:\Users\Gurupad Mamadapur\AppData\Local\Android\sdk\build-tools\24.0.3\lib\dx.jar
Launcher Type: SUN_STANDARD

Environment Variables:
JAVA_HOME=C:\Program Files\Java\jdk1.8.0_25
PATH=C:\ProgramData\Oracle\Java\javapath;C:\WINDOWS\system32;C:\WINDOWS;C:\WINDOWS\System32\Wbem;C:\WINDOWS\System32\WindowsPowerShell\v1.0\;C:\Program Files (x86)\Common Files\lenovo\easyplussdk\bin;C:\Program Files (x86)\AMD\ATI.ACE\Core-Static;C:\Program Files\MATLAB\MATLAB Production Server\R2015a\runtime\win64;C:\Program Files\MATLAB\MATLAB Production Server\R2015a\bin;C:\Program Files\MATLAB\MATLAB Production Server\R2015a\polyspace\bin;C:\Program Files (x86)\Windows Kits\8.1\Windows Performance Toolkit\;C:\Program Files\Microsoft SQL Server\110\Tools\Binn\;C:\Program Files (x86)\ATI Technologies\ATI.ACE\Core-Static;C:\Program Files (x86)\MySQL\MySQL Fabric 1.5 & MySQL Utilities 1.5\;C:\Program Files (x86)\MySQL\MySQL Fabric 1.5 & MySQL Utilities 1.5\Doctrine extensions for PHP\;C:\Program Files\Java\jdk1.8.0_25\bin;C:\Program Files\Maven\apache-maven-3.3.9\bin;C:\Program Files (x86)\Windows Live\Shared;C:\Program Files\Git\cmd;C:\Program Files\Git\bin;C:\Program Files (x86)\GitExtensions\;C:\Program Files (x86)\Brackets\command;C:\Users\Gurupad Mamadapur\AppData\Local\Programs\Python\Python35-32\Scripts\;C:\Users\Gurupad Mamadapur\AppData\Local\Programs\Python\Python35-32\;C:\Users\Gurupad Mamadapur\AppData\Local\Microsoft\WindowsApps
USERNAME=Gurupad Mamadapur
OS=Windows_NT
PROCESSOR_IDENTIFIER=Intel64 Family 6 Model 60 Stepping 3, GenuineIntel



---------------  S Y S T E M  ---------------

OS: Windows 8.1 , 64 bit Build 9600 

CPU:total 4 (4 cores per cpu, 1 threads per core) family 6 model 60 stepping 3, cmov, cx8, fxsr, mmx, sse, sse2, sse3, ssse3, sse4.1, sse4.2, popcnt, avx, avx2, aes, clmul, erms, lzcnt, tsc, tscinvbit, bmi1, bmi2

Memory: 4k page, physical 8237228k(1157164k free), swap 10183852k(4384k free)

vm_info: Java HotSpot(TM) 64-Bit Server VM (25.25-b02) for windows-amd64 JRE (1.8.0_25-b18), built on Oct  7 2014 14:25:37 by "java_re" with MS VC++ 10.0 (VS2010)

time: Fri Nov 04 03:19:44 2016
elapsed time: 3 seconds (0d 0h 0m 3s)

