#
# There is insufficient memory for the Java Runtime Environment to continue.
# Native memory allocation (malloc) failed to allocate 1159936 bytes for Chunk::new
# Possible reasons:
#   The system is out of physical RAM or swap space
#   In 32 bit mode, the process size limit was hit
# Possible solutions:
#   Reduce memory load on the system
#   Increase physical memory or swap space
#   Check if swap backing store is full
#   Use 64 bit Java on a 64 bit OS
#   Decrease Java heap size (-Xmx/-Xms)
#   Decrease number of Java threads
#   Decrease Java thread stack sizes (-Xss)
#   Set larger code cache with -XX:ReservedCodeCacheSize=
# This output file may be truncated or incomplete.
#
#  Out of Memory Error (allocation.cpp:390), pid=9840, tid=6420
#
# JRE version: Java(TM) SE Runtime Environment (8.0_25-b18) (build 1.8.0_25-b18)
# Java VM: Java HotSpot(TM) 64-Bit Server VM (25.25-b02 mixed mode windows-amd64 compressed oops)
# Failed to write core dump. Minidumps are not enabled by default on client versions of Windows
#

---------------  T H R E A D  ---------------

Current thread (0x0000000017e4c800):  JavaThread "C2 CompilerThread0" daemon [_thread_in_native, id=6420, stack(0x00000000193a0000,0x00000000194a0000)]

Stack: [0x00000000193a0000,0x00000000194a0000]
Native frames: (J=compiled Java code, j=interpreted, Vv=VM code, C=native code)
V  [jvm.dll+0x31667a]
V  [jvm.dll+0x267073]
V  [jvm.dll+0x267cb3]
V  [jvm.dll+0x25f5b5]
V  [jvm.dll+0xbf165]
V  [jvm.dll+0xbf60c]
V  [jvm.dll+0x45d672]
V  [jvm.dll+0x49e8ef]
V  [jvm.dll+0x4527d4]
V  [jvm.dll+0x453864]
V  [jvm.dll+0x437372]
V  [jvm.dll+0x98a02]
V  [jvm.dll+0x991f3]
V  [jvm.dll+0x22bde4]
V  [jvm.dll+0x2852fa]
C  [msvcr100.dll+0x21d9f]
C  [msvcr100.dll+0x21e3b]
C  [KERNEL32.DLL+0x8364]
C  [ntdll.dll+0x65e91]


Current CompileTask:
C2:   1910 1809       4       com.android.dx.rop.code.LocalVariableExtractor::processBlock (327 bytes)


---------------  P R O C E S S  ---------------

Java Threads: ( => current thread )
  0x0000000019af2000 JavaThread "pool-1-thread-4" [_thread_blocked, id=4308, stack(0x000000001a0a0000,0x000000001a1a0000)]
  0x0000000019af0800 JavaThread "pool-1-thread-3" [_thread_in_Java, id=2504, stack(0x0000000019fa0000,0x000000001a0a0000)]
  0x0000000019aea000 JavaThread "pool-1-thread-2" [_thread_in_vm, id=6828, stack(0x0000000019ea0000,0x0000000019fa0000)]
  0x0000000019adf000 JavaThread "pool-2-thread-1" [_thread_blocked, id=556, stack(0x0000000019da0000,0x0000000019ea0000)]
  0x0000000019ade000 JavaThread "pool-1-thread-1" [_thread_in_Java, id=10328, stack(0x0000000019ca0000,0x0000000019da0000)]
  0x0000000017eab000 JavaThread "Service Thread" daemon [_thread_blocked, id=2060, stack(0x00000000196a0000,0x00000000197a0000)]
  0x0000000017ea0800 JavaThread "C1 CompilerThread2" daemon [_thread_blocked, id=4904, stack(0x00000000195a0000,0x00000000196a0000)]
  0x0000000017e4f800 JavaThread "C2 CompilerThread1" daemon [_thread_in_native, id=7836, stack(0x00000000194a0000,0x00000000195a0000)]
=>0x0000000017e4c800 JavaThread "C2 CompilerThread0" daemon [_thread_in_native, id=6420, stack(0x00000000193a0000,0x00000000194a0000)]
  0x0000000017e4b000 JavaThread "Attach Listener" daemon [_thread_blocked, id=3988, stack(0x00000000192a0000,0x00000000193a0000)]
  0x0000000017e4a000 JavaThread "Signal Dispatcher" daemon [_thread_blocked, id=5028, stack(0x00000000191a0000,0x00000000192a0000)]
  0x000000000321f800 JavaThread "Finalizer" daemon [_thread_blocked, id=10532, stack(0x00000000190a0000,0x00000000191a0000)]
  0x000000000321c800 JavaThread "Reference Handler" daemon [_thread_blocked, id=5104, stack(0x0000000018fa0000,0x00000000190a0000)]
  0x000000000312e000 JavaThread "main" [_thread_in_Java, id=9852, stack(0x0000000002f30000,0x0000000003030000)]

Other Threads:
  0x0000000017e17800 VMThread [stack: 0x0000000018ea0000,0x0000000018fa0000] [id=11012]
  0x0000000017eae000 WatcherThread [stack: 0x00000000197a0000,0x00000000198a0000] [id=6408]

VM state:not at safepoint (normal execution)

VM Mutex/Monitor currently owned by a thread: None

Heap:
 PSYoungGen      total 70656K, used 66363K [0x00000000d5580000, 0x00000000d9f80000, 0x0000000100000000)
  eden space 65536K, 93% used [0x00000000d5580000,0x00000000d9150a98,0x00000000d9580000)
  from space 5120K, 99% used [0x00000000d9a80000,0x00000000d9f7e3b8,0x00000000d9f80000)
  to   space 5120K, 0% used [0x00000000d9580000,0x00000000d9580000,0x00000000d9a80000)
 ParOldGen       total 86016K, used 15783K [0x0000000080000000, 0x0000000085400000, 0x00000000d5580000)
  object space 86016K, 18% used [0x0000000080000000,0x0000000080f69ce0,0x0000000085400000)
 Metaspace       used 6336K, capacity 7192K, committed 7424K, reserved 1056768K
  class space    used 609K, capacity 656K, committed 768K, reserved 1048576K

Card table byte_map: [0x00000000125f0000,0x0000000012a00000] byte_map_base: 0x00000000121f0000

Marking Bits: (ParMarkBitMap*) 0x000000005ae4d490
 Begin Bits: [0x00000000130b0000, 0x00000000150b0000)
 End Bits:   [0x00000000150b0000, 0x00000000170b0000)

Polling page: 0x0000000001670000

CodeCache: size=245760Kb used=7040Kb max_used=7040Kb free=238719Kb
 bounds [0x0000000003230000, 0x0000000003920000, 0x0000000012230000]
 total_blobs=2091 nmethods=1826 adapters=178
 compilation: enabled

Compilation events (10 events):
Event: 1.741 Thread 0x0000000017e4c800 nmethod 1804% 0x00000000038e1550 code [0x00000000038e17a0, 0x00000000038e2730]
Event: 1.742 Thread 0x0000000017e4c800 1805       4       com.android.dx.ssa.back.SsaToRop::removePhiFunctions (83 bytes)
Event: 1.766 Thread 0x0000000017e4c800 nmethod 1805 0x00000000038e45d0 code [0x00000000038e4820, 0x00000000038e5a70]
Event: 1.766 Thread 0x0000000017e4c800 1806       4       com.android.dx.ssa.SsaBasicBlock::scheduleMovesFromPhis (108 bytes)
Event: 1.768 Thread 0x0000000017e4c800 nmethod 1806 0x00000000038cf450 code [0x00000000038cf5e0, 0x00000000038cf910]
Event: 1.769 Thread 0x0000000017e4c800 1807       4       com.android.dx.ssa.back.SsaToRop$1::visitBlock (97 bytes)
Event: 1.782 Thread 0x0000000017e4c800 nmethod 1807 0x00000000038e8050 code [0x00000000038e8280, 0x00000000038e8ee0]
Event: 1.783 Thread 0x0000000017e4c800 1808       4       com.android.dx.rop.code.RegisterSpecSet::localItemToSpec (49 bytes)
Event: 1.785 Thread 0x0000000017e4c800 nmethod 1808 0x00000000038cd650 code [0x00000000038cd7a0, 0x00000000038cdb98]
Event: 1.786 Thread 0x0000000017e4c800 1809       4       com.android.dx.rop.code.LocalVariableExtractor::processBlock (327 bytes)

GC Heap History (8 events):
Event: 0.785 GC heap before
{Heap before GC invocations=1 (full 0):
 PSYoungGen      total 37888K, used 32768K [0x00000000d5580000, 0x00000000d7f80000, 0x0000000100000000)
  eden space 32768K, 100% used [0x00000000d5580000,0x00000000d7580000,0x00000000d7580000)
  from space 5120K, 0% used [0x00000000d7a80000,0x00000000d7a80000,0x00000000d7f80000)
  to   space 5120K, 0% used [0x00000000d7580000,0x00000000d7580000,0x00000000d7a80000)
 ParOldGen       total 86016K, used 0K [0x0000000080000000, 0x0000000085400000, 0x00000000d5580000)
  object space 86016K, 0% used [0x0000000080000000,0x0000000080000000,0x0000000085400000)
 Metaspace       used 5901K, capacity 6896K, committed 7040K, reserved 1056768K
  class space    used 586K, capacity 616K, committed 640K, reserved 1048576K
Event: 0.792 GC heap after
Heap after GC invocations=1 (full 0):
 PSYoungGen      total 37888K, used 5098K [0x00000000d5580000, 0x00000000d7f80000, 0x0000000100000000)
  eden space 32768K, 0% used [0x00000000d5580000,0x00000000d5580000,0x00000000d7580000)
  from space 5120K, 99% used [0x00000000d7580000,0x00000000d7a7aab8,0x00000000d7a80000)
  to   space 5120K, 0% used [0x00000000d7a80000,0x00000000d7a80000,0x00000000d7f80000)
 ParOldGen       total 86016K, used 1520K [0x0000000080000000, 0x0000000085400000, 0x00000000d5580000)
  object space 86016K, 1% used [0x0000000080000000,0x000000008017c3e8,0x0000000085400000)
 Metaspace       used 5901K, capacity 6896K, committed 7040K, reserved 1056768K
  class space    used 586K, capacity 616K, committed 640K, reserved 1048576K
}
Event: 1.015 GC heap before
{Heap before GC invocations=2 (full 0):
 PSYoungGen      total 37888K, used 37866K [0x00000000d5580000, 0x00000000d7f80000, 0x0000000100000000)
  eden space 32768K, 100% used [0x00000000d5580000,0x00000000d7580000,0x00000000d7580000)
  from space 5120K, 99% used [0x00000000d7580000,0x00000000d7a7aab8,0x00000000d7a80000)
  to   space 5120K, 0% used [0x00000000d7a80000,0x00000000d7a80000,0x00000000d7f80000)
 ParOldGen       total 86016K, used 1520K [0x0000000080000000, 0x0000000085400000, 0x00000000d5580000)
  object space 86016K, 1% used [0x0000000080000000,0x000000008017c3e8,0x0000000085400000)
 Metaspace       used 6122K, capacity 7088K, committed 7296K, reserved 1056768K
  class space    used 589K, capacity 616K, committed 640K, reserved 1048576K
Event: 1.036 GC heap after
Heap after GC invocations=2 (full 0):
 PSYoungGen      total 37888K, used 5088K [0x00000000d5580000, 0x00000000d9f80000, 0x0000000100000000)
  eden space 32768K, 0% used [0x00000000d5580000,0x00000000d5580000,0x00000000d7580000)
  from space 5120K, 99% used [0x00000000d7a80000,0x00000000d7f78028,0x00000000d7f80000)
  to   space 5120K, 0% used [0x00000000d7580000,0x00000000d7580000,0x00000000d7a80000)
 ParOldGen       total 86016K, used 6793K [0x0000000080000000, 0x0000000085400000, 0x00000000d5580000)
  object space 86016K, 7% used [0x0000000080000000,0x00000000806a26b0,0x0000000085400000)
 Metaspace       used 6122K, capacity 7088K, committed 7296K, reserved 1056768K
  class space    used 589K, capacity 616K, committed 640K, reserved 1048576K
}
Event: 1.155 GC heap before
{Heap before GC invocations=3 (full 0):
 PSYoungGen      total 37888K, used 37856K [0x00000000d5580000, 0x00000000d9f80000, 0x0000000100000000)
  eden space 32768K, 100% used [0x00000000d5580000,0x00000000d7580000,0x00000000d7580000)
  from space 5120K, 99% used [0x00000000d7a80000,0x00000000d7f78028,0x00000000d7f80000)
  to   space 5120K, 0% used [0x00000000d7580000,0x00000000d7580000,0x00000000d7a80000)
 ParOldGen       total 86016K, used 6793K [0x0000000080000000, 0x0000000085400000, 0x00000000d5580000)
  object space 86016K, 7% used [0x0000000080000000,0x00000000806a26b0,0x0000000085400000)
 Metaspace       used 6259K, capacity 7128K, committed 7424K, reserved 1056768K
  class space    used 609K, capacity 656K, committed 768K, reserved 1048576K
Event: 1.169 GC heap after
Heap after GC invocations=3 (full 0):
 PSYoungGen      total 37888K, used 5098K [0x00000000d5580000, 0x00000000d9f80000, 0x0000000100000000)
  eden space 32768K, 0% used [0x00000000d5580000,0x00000000d5580000,0x00000000d7580000)
  from space 5120K, 99% used [0x00000000d7580000,0x00000000d7a7aa48,0x00000000d7a80000)
  to   space 5120K, 0% used [0x00000000d9a80000,0x00000000d9a80000,0x00000000d9f80000)
 ParOldGen       total 86016K, used 11227K [0x0000000080000000, 0x0000000085400000, 0x00000000d5580000)
  object space 86016K, 13% used [0x0000000080000000,0x0000000080af6d18,0x0000000085400000)
 Metaspace       used 6259K, capacity 7128K, committed 7424K, reserved 1056768K
  class space    used 609K, capacity 656K, committed 768K, reserved 1048576K
}
Event: 1.308 GC heap before
{Heap before GC invocations=4 (full 0):
 PSYoungGen      total 37888K, used 37866K [0x00000000d5580000, 0x00000000d9f80000, 0x0000000100000000)
  eden space 32768K, 100% used [0x00000000d5580000,0x00000000d7580000,0x00000000d7580000)
  from space 5120K, 99% used [0x00000000d7580000,0x00000000d7a7aa48,0x00000000d7a80000)
  to   space 5120K, 0% used [0x00000000d9a80000,0x00000000d9a80000,0x00000000d9f80000)
 ParOldGen       total 86016K, used 11227K [0x0000000080000000, 0x0000000085400000, 0x00000000d5580000)
  object space 86016K, 13% used [0x0000000080000000,0x0000000080af6d18,0x0000000085400000)
 Metaspace       used 6290K, capacity 7128K, committed 7424K, reserved 1056768K
  class space    used 609K, capacity 656K, committed 768K, reserved 1048576K
Event: 1.328 GC heap after
Heap after GC invocations=4 (full 0):
 PSYoungGen      total 70656K, used 5112K [0x00000000d5580000, 0x00000000d9f80000, 0x0000000100000000)
  eden space 65536K, 0% used [0x00000000d5580000,0x00000000d5580000,0x00000000d9580000)
  from space 5120K, 99% used [0x00000000d9a80000,0x00000000d9f7e3b8,0x00000000d9f80000)
  to   space 5120K, 0% used [0x00000000d9580000,0x00000000d9580000,0x00000000d9a80000)
 ParOldGen       total 86016K, used 15783K [0x0000000080000000, 0x0000000085400000, 0x00000000d5580000)
  object space 86016K, 18% used [0x0000000080000000,0x0000000080f69ce0,0x0000000085400000)
 Metaspace       used 6290K, capacity 7128K, committed 7424K, reserved 1056768K
  class space    used 609K, capacity 656K, committed 768K, reserved 1048576K
}

Deoptimization events (10 events):
Event: 0.688 Thread 0x0000000019af0800 Uncommon trap: reason=null_check action=make_not_entrant pc=0x000000000354f870 method=com.android.dx.ssa.SsaRenamer.getLocalForNewReg(I)Lcom/android/dx/rop/code/LocalItem; @ 19
Event: 0.720 Thread 0x0000000019ade000 Uncommon trap: reason=bimorphic action=maybe_recompile pc=0x00000000034df334 method=java.util.HashMap.getNode(ILjava/lang/Object;)Ljava/util/HashMap$Node; @ 126
Event: 0.803 Thread 0x0000000019ade000 Uncommon trap: reason=unreached action=reinterpret pc=0x000000000358121c method=com.android.dx.rop.cst.Constant.compareTo(Lcom/android/dx/rop/cst/Constant;)I @ 12
Event: 1.114 Thread 0x000000000312e000 Uncommon trap: reason=unreached action=reinterpret pc=0x00000000034df320 method=java.util.HashMap.getNode(ILjava/lang/Object;)Ljava/util/HashMap$Node; @ 84
Event: 1.121 Thread 0x0000000019aea000 Uncommon trap: reason=unreached action=reinterpret pc=0x000000000347c034 method=java.util.HashMap.getNode(ILjava/lang/Object;)Ljava/util/HashMap$Node; @ 84
Event: 1.218 Thread 0x0000000019af2000 Uncommon trap: reason=class_check action=maybe_recompile pc=0x00000000036b7448 method=java.util.HashMap.putVal(ILjava/lang/Object;Ljava/lang/Object;ZZ)Ljava/lang/Object; @ 203
Event: 1.219 Thread 0x0000000019af2000 Uncommon trap: reason=unreached action=reinterpret pc=0x00000000035b04dc method=java.util.HashMap.putVal(ILjava/lang/Object;Ljava/lang/Object;ZZ)Ljava/lang/Object; @ 109
Event: 1.233 Thread 0x0000000019aea000 Uncommon trap: reason=class_check action=maybe_recompile pc=0x00000000036b7448 method=java.util.HashMap.putVal(ILjava/lang/Object;Ljava/lang/Object;ZZ)Ljava/lang/Object; @ 203
Event: 1.252 Thread 0x0000000019ade000 Uncommon trap: reason=class_check action=maybe_recompile pc=0x00000000036b7448 method=java.util.HashMap.putVal(ILjava/lang/Object;Ljava/lang/Object;ZZ)Ljava/lang/Object; @ 203
Event: 1.252 Thread 0x0000000019ade000 Uncommon trap: reason=class_check action=maybe_recompile pc=0x00000000036b7448 method=java.util.HashMap.putVal(ILjava/lang/Object;Ljava/lang/Object;ZZ)Ljava/lang/Object; @ 203

Internal exceptions (10 events):
Event: 0.688 Thread 0x0000000019af0800 Implicit null exception at 0x00000000035819e8 to 0x0000000003583a49
Event: 0.688 Thread 0x0000000019af0800 Implicit null exception at 0x000000000354d663 to 0x000000000354f83d
Event: 0.772 Thread 0x000000000312e000 Exception <a 'java/security/PrivilegedActionException'> (0x00000000d6fb9bb8) thrown at [D:\re\workspace\8-2-build-windows-amd64-cygwin\jdk8u25\1677\hotspot\src\share\vm\prims\jvm.cpp, line 1312]
Event: 0.777 Thread 0x000000000312e000 Exception <a 'java/security/PrivilegedActionException'> (0x00000000d6fc3fc0) thrown at [D:\re\workspace\8-2-build-windows-amd64-cygwin\jdk8u25\1677\hotspot\src\share\vm\prims\jvm.cpp, line 1312]
Event: 0.777 Thread 0x000000000312e000 Exception <a 'java/security/PrivilegedActionException'> (0x00000000d6fc67d8) thrown at [D:\re\workspace\8-2-build-windows-amd64-cygwin\jdk8u25\1677\hotspot\src\share\vm\prims\jvm.cpp, line 1312]
Event: 0.968 Thread 0x000000000312e000 Exception <a 'java/security/PrivilegedActionException'> (0x00000000d7200cf0) thrown at [D:\re\workspace\8-2-build-windows-amd64-cygwin\jdk8u25\1677\hotspot\src\share\vm\prims\jvm.cpp, line 1312]
Event: 1.040 Thread 0x0000000019af0800 Exception <a 'java/security/PrivilegedActionException'> (0x00000000d5834f98) thrown at [D:\re\workspace\8-2-build-windows-amd64-cygwin\jdk8u25\1677\hotspot\src\share\vm\prims\jvm.cpp, line 1312]
Event: 1.113 Thread 0x000000000312e000 Exception <a 'java/lang/ArrayIndexOutOfBoundsException': 18> (0x00000000d64f74c0) thrown at [D:\re\workspace\8-2-build-windows-amd64-cygwin\jdk8u25\1677\hotspot\src\share\vm\interpreter\interpreterRuntime.cpp, line 366]
Event: 1.113 Thread 0x000000000312e000 Exception <a 'java/lang/ArrayIndexOutOfBoundsException': 145> (0x00000000d64f8f58) thrown at [D:\re\workspace\8-2-build-windows-amd64-cygwin\jdk8u25\1677\hotspot\src\share\vm\interpreter\interpreterRuntime.cpp, line 366]
Event: 1.114 Thread 0x000000000312e000 Exception <a 'java/lang/ArrayIndexOutOfBoundsException'> (0x00000000d64fa170) thrown at [D:\re\workspace\8-2-build-windows-amd64-cygwin\jdk8u25\1677\hotspot\src\share\vm\runtime\sharedRuntime.cpp, line 604]

Events (10 events):
Event: 1.296 Executing VM operation: ParallelGCFailedAllocation
Event: 1.328 Executing VM operation: ParallelGCFailedAllocation done
Event: 1.366 Thread 0x0000000019af0800 DEOPT PACKING pc=0x000000000387a417 sp=0x000000001a09ee70
Event: 1.366 Thread 0x0000000019af0800 DEOPT UNPACKING pc=0x00000000032775bf sp=0x000000001a09ec68 mode 0
Event: 1.441 Thread 0x000000000312e000 DEOPT PACKING pc=0x00000000037787af sp=0x000000000302e5f0
Event: 1.441 Thread 0x000000000312e000 DEOPT UNPACKING pc=0x00000000032775bf sp=0x000000000302e360 mode 0
Event: 1.443 Thread 0x0000000019aea000 DEOPT PACKING pc=0x0000000003779373 sp=0x0000000019f9e890
Event: 1.443 Thread 0x0000000019aea000 DEOPT UNPACKING pc=0x00000000032775bf sp=0x0000000019f9e640 mode 0
Event: 1.742 Thread 0x0000000019af0800 DEOPT PACKING pc=0x000000000375f11c sp=0x000000001a09e9d0
Event: 1.742 Thread 0x0000000019af0800 DEOPT UNPACKING pc=0x00000000032775bf sp=0x000000001a09e790 mode 0


Dynamic libraries:
0x00007ff775b60000 - 0x00007ff775b94000 	C:\Program Files\Java\jdk1.8.0_25\bin\java.exe
0x00007fffa36c0000 - 0x00007fffa3891000 	C:\WINDOWS\SYSTEM32\ntdll.dll
0x00007fffa1b30000 - 0x00007fffa1bdb000 	C:\WINDOWS\System32\KERNEL32.DLL
0x00007fff9fe90000 - 0x00007fffa00ad000 	C:\WINDOWS\System32\KERNELBASE.dll
0x00007fffa14c0000 - 0x00007fffa1562000 	C:\WINDOWS\System32\ADVAPI32.dll
0x00007fffa0e80000 - 0x00007fffa0f1e000 	C:\WINDOWS\System32\msvcrt.dll
0x00007fffa19b0000 - 0x00007fffa1a09000 	C:\WINDOWS\System32\sechost.dll
0x00007fffa1d60000 - 0x00007fffa1e81000 	C:\WINDOWS\System32\RPCRT4.dll
0x00007fffa1350000 - 0x00007fffa14b5000 	C:\WINDOWS\System32\USER32.dll
0x00007fffa0120000 - 0x00007fffa013e000 	C:\WINDOWS\System32\win32u.dll
0x00007fffa1a80000 - 0x00007fffa1ab4000 	C:\WINDOWS\System32\GDI32.dll
0x00007fffa0140000 - 0x00007fffa02c2000 	C:\WINDOWS\System32\gdi32full.dll
0x00007fff95790000 - 0x00007fff95a0a000 	C:\WINDOWS\WinSxS\amd64_microsoft.windows.common-controls_6595b64144ccf1df_6.0.14393.351_none_4213128bc687e6d3\COMCTL32.dll
0x00007fffa1570000 - 0x00007fffa1837000 	C:\WINDOWS\System32\combase.dll
0x00007fffa03d0000 - 0x00007fffa04c5000 	C:\WINDOWS\System32\ucrtbase.dll
0x00007fffa00b0000 - 0x00007fffa011a000 	C:\WINDOWS\System32\bcryptPrimitives.dll
0x00007fffa0e50000 - 0x00007fffa0e7e000 	C:\WINDOWS\System32\IMM32.DLL
0x000000005aed0000 - 0x000000005afa2000 	C:\Program Files\Java\jdk1.8.0_25\jre\bin\msvcr100.dll
0x000000005a670000 - 0x000000005aeca000 	C:\Program Files\Java\jdk1.8.0_25\jre\bin\server\jvm.dll
0x00007fffa1840000 - 0x00007fffa1848000 	C:\WINDOWS\System32\PSAPI.DLL
0x00007fff91bd0000 - 0x00007fff91bd9000 	C:\WINDOWS\SYSTEM32\WSOCK32.dll
0x00007fffa1a10000 - 0x00007fffa1a7a000 	C:\WINDOWS\System32\WS2_32.dll
0x00007fff9dfb0000 - 0x00007fff9dfd3000 	C:\WINDOWS\SYSTEM32\WINMM.dll
0x00007fff9df80000 - 0x00007fff9dfab000 	C:\WINDOWS\SYSTEM32\WINMMBASE.dll
0x00007fffa0380000 - 0x00007fffa03c2000 	C:\WINDOWS\System32\cfgmgr32.dll
0x000000005a660000 - 0x000000005a66f000 	C:\Program Files\Java\jdk1.8.0_25\jre\bin\verify.dll
0x000000005a630000 - 0x000000005a658000 	C:\Program Files\Java\jdk1.8.0_25\jre\bin\java.dll
0x000000005a610000 - 0x000000005a626000 	C:\Program Files\Java\jdk1.8.0_25\jre\bin\zip.dll
0x00007fffa2070000 - 0x00007fffa3579000 	C:\WINDOWS\System32\SHELL32.dll
0x00007fffa0570000 - 0x00007fffa0c4a000 	C:\WINDOWS\System32\windows.storage.dll
0x00007fff9fb60000 - 0x00007fff9fbac000 	C:\WINDOWS\System32\powrprof.dll
0x00007fffa3640000 - 0x00007fffa3692000 	C:\WINDOWS\System32\shlwapi.dll
0x00007fff9fb50000 - 0x00007fff9fb5f000 	C:\WINDOWS\System32\kernel.appcore.dll
0x00007fffa02d0000 - 0x00007fffa0379000 	C:\WINDOWS\System32\shcore.dll
0x00007fff9fb30000 - 0x00007fff9fb44000 	C:\WINDOWS\System32\profapi.dll
0x00007fff915c0000 - 0x00007fff91752000 	C:\WINDOWS\SYSTEM32\dbghelp.dll

VM Arguments:
jvm_args: -Djava.awt.headless=true -Xmx2g -Dfile.encoding=windows-1252 -Duser.country=US -Duser.language=en -Duser.variant 
java_command: com.android.dx.command.Main --dex --force-jumbo --num-threads=4 --output H:\Android\Workspace\Fad-Flicks\app\build\intermediates\pre-dexed\debug\okhttp-2.4.0_8fd0c8ebfc0a1dd14e5963fc56042e44acda938b.jar C:\Users\Gurupad Mamadapur\.gradle\wrapper\dists\caches\modules-2\files-2.1\com.squareup.okhttp\okhttp\2.4.0\40340c0748190fe897baf7bffbc1b282734294e5\okhttp-2.4.0.jar
java_class_path (initial): C:\Users\Gurupad Mamadapur\AppData\Local\Android\sdk\build-tools\24.0.3\lib\dx.jar
Launcher Type: SUN_STANDARD

Environment Variables:
JAVA_HOME=C:\Program Files\Java\jdk1.8.0_25
PATH=C:\ProgramData\Oracle\Java\javapath;C:\WINDOWS\system32;C:\WINDOWS;C:\WINDOWS\System32\Wbem;C:\WINDOWS\System32\WindowsPowerShell\v1.0\;C:\Program Files (x86)\Common Files\lenovo\easyplussdk\bin;C:\Program Files (x86)\AMD\ATI.ACE\Core-Static;C:\Program Files\MATLAB\MATLAB Production Server\R2015a\runtime\win64;C:\Program Files\MATLAB\MATLAB Production Server\R2015a\bin;C:\Program Files\MATLAB\MATLAB Production Server\R2015a\polyspace\bin;C:\Program Files (x86)\Windows Kits\8.1\Windows Performance Toolkit\;C:\Program Files\Microsoft SQL Server\110\Tools\Binn\;C:\Program Files (x86)\ATI Technologies\ATI.ACE\Core-Static;C:\Program Files (x86)\MySQL\MySQL Fabric 1.5 & MySQL Utilities 1.5\;C:\Program Files (x86)\MySQL\MySQL Fabric 1.5 & MySQL Utilities 1.5\Doctrine extensions for PHP\;C:\Program Files\Java\jdk1.8.0_25\bin;C:\Program Files\Maven\apache-maven-3.3.9\bin;C:\Program Files (x86)\Windows Live\Shared;C:\Program Files\Git\cmd;C:\Program Files\Git\bin;C:\Program Files (x86)\GitExtensions\;C:\Program Files (x86)\Brackets\command;C:\Users\Gurupad Mamadapur\AppData\Local\Programs\Python\Python35-32\Scripts\;C:\Users\Gurupad Mamadapur\AppData\Local\Programs\Python\Python35-32\;C:\Users\Gurupad Mamadapur\AppData\Local\Microsoft\WindowsApps
USERNAME=Gurupad Mamadapur
OS=Windows_NT
PROCESSOR_IDENTIFIER=Intel64 Family 6 Model 60 Stepping 3, GenuineIntel



---------------  S Y S T E M  ---------------

OS: Windows 8.1 , 64 bit Build 9600 

CPU:total 4 (4 cores per cpu, 1 threads per core) family 6 model 60 stepping 3, cmov, cx8, fxsr, mmx, sse, sse2, sse3, ssse3, sse4.1, sse4.2, popcnt, avx, avx2, aes, clmul, erms, lzcnt, tsc, tscinvbit, bmi1, bmi2

Memory: 4k page, physical 8237228k(1176448k free), swap 10183852k(12520k free)

vm_info: Java HotSpot(TM) 64-Bit Server VM (25.25-b02) for windows-amd64 JRE (1.8.0_25-b18), built on Oct  7 2014 14:25:37 by "java_re" with MS VC++ 10.0 (VS2010)

time: Fri Nov 04 03:19:35 2016
elapsed time: 1 seconds (0d 0h 0m 1s)

