#
# There is insufficient memory for the Java Runtime Environment to continue.
# Native memory allocation (malloc) failed to allocate 32744 bytes for ChunkPool::allocate
# Possible reasons:
#   The system is out of physical RAM or swap space
#   In 32 bit mode, the process size limit was hit
# Possible solutions:
#   Reduce memory load on the system
#   Increase physical memory or swap space
#   Check if swap backing store is full
#   Use 64 bit Java on a 64 bit OS
#   Decrease Java heap size (-Xmx/-Xms)
#   Decrease number of Java threads
#   Decrease Java thread stack sizes (-Xss)
#   Set larger code cache with -XX:ReservedCodeCacheSize=
# This output file may be truncated or incomplete.
#
#  Out of Memory Error (allocation.cpp:273), pid=6164, tid=12864
#
# JRE version: Java(TM) SE Runtime Environment (8.0_25-b18) (build 1.8.0_25-b18)
# Java VM: Java HotSpot(TM) 64-Bit Server VM (25.25-b02 mixed mode windows-amd64 compressed oops)
# Failed to write core dump. Minidumps are not enabled by default on client versions of Windows
#

---------------  T H R E A D  ---------------

Current thread (0x0000000017480800):  JavaThread "C1 CompilerThread2" daemon [_thread_in_native, id=12864, stack(0x0000000018bb0000,0x0000000018cb0000)]

Stack: [0x0000000018bb0000,0x0000000018cb0000]
Native frames: (J=compiled Java code, j=interpreted, Vv=VM code, C=native code)
V  [jvm.dll+0x31667a]


Current CompileTask:
C1:   3149 1280       3       com.android.dx.ssa.ConstCollector::getConstsSortedByCountUse (386 bytes)


---------------  P R O C E S S  ---------------

Java Threads: ( => current thread )
  0x0000000019015800 JavaThread "pool-1-thread-4" [_thread_in_Java, id=12280, stack(0x00000000196b0000,0x00000000197b0000)]
  0x0000000019014000 JavaThread "pool-1-thread-2" [_thread_in_Java, id=11280, stack(0x00000000194b0000,0x00000000195b0000)]
  0x0000000019013800 JavaThread "pool-2-thread-1" [_thread_blocked, id=12316, stack(0x00000000193b0000,0x00000000194b0000)]
  0x000000001748b000 JavaThread "Service Thread" daemon [_thread_blocked, id=12448, stack(0x0000000018cb0000,0x0000000018db0000)]
=>0x0000000017480800 JavaThread "C1 CompilerThread2" daemon [_thread_in_native, id=12864, stack(0x0000000018bb0000,0x0000000018cb0000)]
  0x000000001742f800 JavaThread "C2 CompilerThread1" daemon [_thread_in_native, id=13012, stack(0x0000000018ab0000,0x0000000018bb0000)]
  0x000000001742c800 JavaThread "C2 CompilerThread0" daemon [_thread_in_native, id=12984, stack(0x00000000189b0000,0x0000000018ab0000)]
  0x000000001742b000 JavaThread "Attach Listener" daemon [_thread_blocked, id=13304, stack(0x00000000188b0000,0x00000000189b0000)]
  0x000000001742a000 JavaThread "Signal Dispatcher" daemon [_thread_blocked, id=12076, stack(0x00000000187b0000,0x00000000188b0000)]
  0x00000000027ff800 JavaThread "Finalizer" daemon [_thread_blocked, id=12900, stack(0x00000000186b0000,0x00000000187b0000)]
  0x00000000027fc800 JavaThread "Reference Handler" daemon [_thread_blocked, id=11540, stack(0x00000000185b0000,0x00000000186b0000)]
  0x00000000026be000 JavaThread "main" [_thread_blocked, id=5172, stack(0x0000000002570000,0x0000000002670000)]

Other Threads:
  0x00000000173f7800 VMThread [stack: 0x00000000184b0000,0x00000000185b0000] [id=13096]
  0x000000001748e000 WatcherThread [stack: 0x0000000018db0000,0x0000000018eb0000] [id=12296]

VM state:not at safepoint (normal execution)

VM Mutex/Monitor currently owned by a thread: None

Heap:
 PSYoungGen      total 37888K, used 29801K [0x00000000d5580000, 0x00000000d7f80000, 0x0000000100000000)
  eden space 32768K, 90% used [0x00000000d5580000,0x00000000d729a6d0,0x00000000d7580000)
  from space 5120K, 0% used [0x00000000d7a80000,0x00000000d7a80000,0x00000000d7f80000)
  to   space 5120K, 0% used [0x00000000d7580000,0x00000000d7580000,0x00000000d7a80000)
 ParOldGen       total 86016K, used 0K [0x0000000080000000, 0x0000000085400000, 0x00000000d5580000)
  object space 86016K, 0% used [0x0000000080000000,0x0000000080000000,0x0000000085400000)
 Metaspace       used 5993K, capacity 6960K, committed 7040K, reserved 1056768K
  class space    used 591K, capacity 616K, committed 640K, reserved 1048576K

Card table byte_map: [0x0000000011bd0000,0x0000000011fe0000] byte_map_base: 0x00000000117d0000

Marking Bits: (ParMarkBitMap*) 0x000000005ae4d490
 Begin Bits: [0x0000000012690000, 0x0000000014690000)
 End Bits:   [0x0000000014690000, 0x0000000016690000)

Polling page: 0x0000000000a20000

CodeCache: size=245760Kb used=4934Kb max_used=4934Kb free=240825Kb
 bounds [0x0000000002810000, 0x0000000002cf0000, 0x0000000011810000]
 total_blobs=1539 nmethods=1274 adapters=179
 compilation: enabled

Compilation events (10 events):
Event: 3.137 Thread 0x0000000017480800 nmethod 1274 0x0000000002cdbf50 code [0x0000000002cdc1a0, 0x0000000002cdce88]
Event: 3.137 Thread 0x0000000017480800 1275       3       com.android.dx.ssa.DomFront::buildDomTree (72 bytes)
Event: 3.137 Thread 0x0000000017480800 nmethod 1275 0x0000000002cdd450 code [0x0000000002cdd6a0, 0x0000000002cde4e8]
Event: 3.137 Thread 0x0000000017480800 1276       3       com.android.dx.ssa.back.FirstFitLocalCombiningAllocator::handleNormalUnassociated (99 bytes)
Event: 3.139 Thread 0x0000000017480800 nmethod 1276 0x0000000002cdef10 code [0x0000000002cdf1c0, 0x0000000002ce0578]
Event: 3.141 Thread 0x0000000017480800 1277       3       com.android.dx.ssa.SsaConverter::edgeSplitMoveExceptionsAndResults (157 bytes)
Event: 3.142 Thread 0x0000000017480800 nmethod 1277 0x0000000002ce1010 code [0x0000000002ce13c0, 0x0000000002ce31a8]
Event: 3.142 Thread 0x0000000017480800 1278       3       com.android.dx.ssa.DeadCodeRemover$NoSideEffectVisitor::visitPhiInsn (22 bytes)
Event: 3.143 Thread 0x0000000017480800 nmethod 1278 0x0000000002ce45d0 code [0x0000000002ce4780, 0x0000000002ce4ee8]
Event: 3.143 Thread 0x0000000017480800 1280       3       com.android.dx.ssa.ConstCollector::getConstsSortedByCountUse (386 bytes)

GC Heap History (0 events):
No events

Deoptimization events (2 events):
Event: 2.323 Thread 0x000000001900a000 Uncommon trap: reason=class_check action=maybe_recompile pc=0x0000000002adaacc method=com.android.dx.ssa.NormalSsaInsn.accept(Lcom/android/dx/ssa/SsaInsn$Visitor;)V @ 9
Event: 2.398 Thread 0x00000000026be000 Uncommon trap: reason=unreached action=reinterpret pc=0x0000000002b74f60 method=com.android.dx.ssa.SsaMethod.onSourcesChanged(Lcom/android/dx/ssa/SsaInsn;Lcom/android/dx/rop/code/RegisterSpecList;)V @ 4

Internal exceptions (10 events):
Event: 1.574 Thread 0x0000000019014000 Exception <a 'java/security/PrivilegedActionException'> (0x00000000d620eeb0) thrown at [D:\re\workspace\8-2-build-windows-amd64-cygwin\jdk8u25\1677\hotspot\src\share\vm\prims\jvm.cpp, line 1312]
Event: 1.577 Thread 0x0000000019014000 Exception <a 'java/security/PrivilegedActionException'> (0x00000000d621b870) thrown at [D:\re\workspace\8-2-build-windows-amd64-cygwin\jdk8u25\1677\hotspot\src\share\vm\prims\jvm.cpp, line 1312]
Event: 1.578 Thread 0x0000000019014000 Exception <a 'java/security/PrivilegedActionException'> (0x00000000d6221c10) thrown at [D:\re\workspace\8-2-build-windows-amd64-cygwin\jdk8u25\1677\hotspot\src\share\vm\prims\jvm.cpp, line 1312]
Event: 1.581 Thread 0x0000000019014000 Exception <a 'java/security/PrivilegedActionException'> (0x00000000d6226628) thrown at [D:\re\workspace\8-2-build-windows-amd64-cygwin\jdk8u25\1677\hotspot\src\share\vm\prims\jvm.cpp, line 1312]
Event: 1.663 Thread 0x00000000026be000 Exception <a 'java/security/PrivilegedActionException'> (0x00000000d5e34928) thrown at [D:\re\workspace\8-2-build-windows-amd64-cygwin\jdk8u25\1677\hotspot\src\share\vm\prims\jvm.cpp, line 1312]
Event: 1.676 Thread 0x00000000026be000 Exception <a 'java/security/PrivilegedActionException'> (0x00000000d634b218) thrown at [D:\re\workspace\8-2-build-windows-amd64-cygwin\jdk8u25\1677\hotspot\src\share\vm\prims\jvm.cpp, line 1312]
Event: 1.680 Thread 0x00000000026be000 Exception <a 'java/security/PrivilegedActionException'> (0x00000000d6359120) thrown at [D:\re\workspace\8-2-build-windows-amd64-cygwin\jdk8u25\1677\hotspot\src\share\vm\prims\jvm.cpp, line 1312]
Event: 1.682 Thread 0x00000000026be000 Exception <a 'java/security/PrivilegedActionException'> (0x00000000d6362a90) thrown at [D:\re\workspace\8-2-build-windows-amd64-cygwin\jdk8u25\1677\hotspot\src\share\vm\prims\jvm.cpp, line 1312]
Event: 2.317 Thread 0x00000000026be000 Exception <a 'java/security/PrivilegedActionException'> (0x00000000d6669828) thrown at [D:\re\workspace\8-2-build-windows-amd64-cygwin\jdk8u25\1677\hotspot\src\share\vm\prims\jvm.cpp, line 1312]
Event: 2.367 Thread 0x00000000026be000 Exception <a 'java/security/PrivilegedActionException'> (0x00000000d68808d8) thrown at [D:\re\workspace\8-2-build-windows-amd64-cygwin\jdk8u25\1677\hotspot\src\share\vm\prims\jvm.cpp, line 1312]

Events (10 events):
Event: 2.367 loading class com/android/dx/cf/code/SwitchList done
Event: 2.398 Thread 0x00000000026be000 Uncommon trap: trap_request=0xffffffad fr.pc=0x0000000002b74f60
Event: 2.398 Thread 0x00000000026be000 DEOPT PACKING pc=0x0000000002b74f60 sp=0x000000000266e0f0
Event: 2.398 Thread 0x00000000026be000 DEOPT UNPACKING pc=0x000000000285556a sp=0x000000000266e040 mode 2
Event: 2.415 loading class java/util/TreeMap$EntrySet
Event: 2.415 loading class java/util/TreeMap$EntrySet done
Event: 2.415 loading class java/util/TreeMap$EntryIterator
Event: 2.416 loading class java/util/TreeMap$EntryIterator done
Event: 3.065 Executing VM operation: ForceSafepoint
Event: 3.065 Executing VM operation: ForceSafepoint done


Dynamic libraries:
0x00007ff775b60000 - 0x00007ff775b94000 	C:\Program Files\Java\jdk1.8.0_25\bin\java.exe
0x00007fffa36c0000 - 0x00007fffa3891000 	C:\WINDOWS\SYSTEM32\ntdll.dll
0x00007fffa1b30000 - 0x00007fffa1bdb000 	C:\WINDOWS\System32\KERNEL32.DLL
0x00007fff9fe90000 - 0x00007fffa00ad000 	C:\WINDOWS\System32\KERNELBASE.dll
0x00007fffa14c0000 - 0x00007fffa1562000 	C:\WINDOWS\System32\ADVAPI32.dll
0x00007fffa0e80000 - 0x00007fffa0f1e000 	C:\WINDOWS\System32\msvcrt.dll
0x00007fffa19b0000 - 0x00007fffa1a09000 	C:\WINDOWS\System32\sechost.dll
0x00007fffa1d60000 - 0x00007fffa1e81000 	C:\WINDOWS\System32\RPCRT4.dll
0x00007fffa1350000 - 0x00007fffa14b5000 	C:\WINDOWS\System32\USER32.dll
0x00007fffa0120000 - 0x00007fffa013e000 	C:\WINDOWS\System32\win32u.dll
0x00007fffa1a80000 - 0x00007fffa1ab4000 	C:\WINDOWS\System32\GDI32.dll
0x00007fffa0140000 - 0x00007fffa02c2000 	C:\WINDOWS\System32\gdi32full.dll
0x00007fff95790000 - 0x00007fff95a0a000 	C:\WINDOWS\WinSxS\amd64_microsoft.windows.common-controls_6595b64144ccf1df_6.0.14393.351_none_4213128bc687e6d3\COMCTL32.dll
0x00007fffa1570000 - 0x00007fffa1837000 	C:\WINDOWS\System32\combase.dll
0x00007fffa03d0000 - 0x00007fffa04c5000 	C:\WINDOWS\System32\ucrtbase.dll
0x00007fffa00b0000 - 0x00007fffa011a000 	C:\WINDOWS\System32\bcryptPrimitives.dll
0x00007fffa0e50000 - 0x00007fffa0e7e000 	C:\WINDOWS\System32\IMM32.DLL
0x000000005aed0000 - 0x000000005afa2000 	C:\Program Files\Java\jdk1.8.0_25\jre\bin\msvcr100.dll
0x000000005a670000 - 0x000000005aeca000 	C:\Program Files\Java\jdk1.8.0_25\jre\bin\server\jvm.dll
0x00007fffa1840000 - 0x00007fffa1848000 	C:\WINDOWS\System32\PSAPI.DLL
0x00007fff91bd0000 - 0x00007fff91bd9000 	C:\WINDOWS\SYSTEM32\WSOCK32.dll
0x00007fffa1a10000 - 0x00007fffa1a7a000 	C:\WINDOWS\System32\WS2_32.dll
0x00007fff9dfb0000 - 0x00007fff9dfd3000 	C:\WINDOWS\SYSTEM32\WINMM.dll
0x00007fff9df80000 - 0x00007fff9dfab000 	C:\WINDOWS\SYSTEM32\WINMMBASE.dll
0x00007fffa0380000 - 0x00007fffa03c2000 	C:\WINDOWS\System32\cfgmgr32.dll
0x000000005a660000 - 0x000000005a66f000 	C:\Program Files\Java\jdk1.8.0_25\jre\bin\verify.dll
0x000000005a630000 - 0x000000005a658000 	C:\Program Files\Java\jdk1.8.0_25\jre\bin\java.dll
0x000000005a610000 - 0x000000005a626000 	C:\Program Files\Java\jdk1.8.0_25\jre\bin\zip.dll
0x00007fffa2070000 - 0x00007fffa3579000 	C:\WINDOWS\System32\SHELL32.dll
0x00007fffa0570000 - 0x00007fffa0c4a000 	C:\WINDOWS\System32\windows.storage.dll
0x00007fff9fb60000 - 0x00007fff9fbac000 	C:\WINDOWS\System32\powrprof.dll
0x00007fffa3640000 - 0x00007fffa3692000 	C:\WINDOWS\System32\shlwapi.dll
0x00007fff9fb50000 - 0x00007fff9fb5f000 	C:\WINDOWS\System32\kernel.appcore.dll
0x00007fffa02d0000 - 0x00007fffa0379000 	C:\WINDOWS\System32\shcore.dll
0x00007fff9fb30000 - 0x00007fff9fb44000 	C:\WINDOWS\System32\profapi.dll
0x00007fff915c0000 - 0x00007fff91752000 	C:\WINDOWS\SYSTEM32\dbghelp.dll

VM Arguments:
jvm_args: -Djava.awt.headless=true -Xmx2g -Dfile.encoding=windows-1252 -Duser.country=US -Duser.language=en -Duser.variant 
java_command: com.android.dx.command.Main --dex --force-jumbo --num-threads=4 --output H:\Android\Workspace\Fad-Flicks\app\build\intermediates\pre-dexed\debug\internal_impl-24.2.1_7064d8b96970f44f5661eb89a6fd20d961c0dea5.jar H:\Android\Workspace\Fad-Flicks\app\build\intermediates\exploded-aar\com.android.support\support-media-compat\24.2.1\jars\libs\internal_impl-24.2.1.jar
java_class_path (initial): C:\Users\Gurupad Mamadapur\AppData\Local\Android\sdk\build-tools\24.0.3\lib\dx.jar
Launcher Type: SUN_STANDARD

Environment Variables:
JAVA_HOME=C:\Program Files\Java\jdk1.8.0_25
PATH=C:\ProgramData\Oracle\Java\javapath;C:\WINDOWS\system32;C:\WINDOWS;C:\WINDOWS\System32\Wbem;C:\WINDOWS\System32\WindowsPowerShell\v1.0\;C:\Program Files (x86)\Common Files\lenovo\easyplussdk\bin;C:\Program Files (x86)\AMD\ATI.ACE\Core-Static;C:\Program Files\MATLAB\MATLAB Production Server\R2015a\runtime\win64;C:\Program Files\MATLAB\MATLAB Production Server\R2015a\bin;C:\Program Files\MATLAB\MATLAB Production Server\R2015a\polyspace\bin;C:\Program Files (x86)\Windows Kits\8.1\Windows Performance Toolkit\;C:\Program Files\Microsoft SQL Server\110\Tools\Binn\;C:\Program Files (x86)\ATI Technologies\ATI.ACE\Core-Static;C:\Program Files (x86)\MySQL\MySQL Fabric 1.5 & MySQL Utilities 1.5\;C:\Program Files (x86)\MySQL\MySQL Fabric 1.5 & MySQL Utilities 1.5\Doctrine extensions for PHP\;C:\Program Files\Java\jdk1.8.0_25\bin;C:\Program Files\Maven\apache-maven-3.3.9\bin;C:\Program Files (x86)\Windows Live\Shared;C:\Program Files\Git\cmd;C:\Program Files\Git\bin;C:\Program Files (x86)\GitExtensions\;C:\Program Files (x86)\Brackets\command;C:\Users\Gurupad Mamadapur\AppData\Local\Programs\Python\Python35-32\Scripts\;C:\Users\Gurupad Mamadapur\AppData\Local\Programs\Python\Python35-32\;C:\Users\Gurupad Mamadapur\AppData\Local\Microsoft\WindowsApps
USERNAME=Gurupad Mamadapur
OS=Windows_NT
PROCESSOR_IDENTIFIER=Intel64 Family 6 Model 60 Stepping 3, GenuineIntel



---------------  S Y S T E M  ---------------

OS: Windows 8.1 , 64 bit Build 9600 

CPU:total 4 (4 cores per cpu, 1 threads per core) family 6 model 60 stepping 3, cmov, cx8, fxsr, mmx, sse, sse2, sse3, ssse3, sse4.1, sse4.2, popcnt, avx, avx2, aes, clmul, erms, lzcnt, tsc, tscinvbit, bmi1, bmi2

Memory: 4k page, physical 8237228k(1157608k free), swap 10183852k(4268k free)

vm_info: Java HotSpot(TM) 64-Bit Server VM (25.25-b02) for windows-amd64 JRE (1.8.0_25-b18), built on Oct  7 2014 14:25:37 by "java_re" with MS VC++ 10.0 (VS2010)

time: Fri Nov 04 03:19:44 2016
elapsed time: 3 seconds (0d 0h 0m 3s)

